<?xml version="1.0" encoding="UTF-8"?>
<testsuite xmlns:xsi="http://www.w3.org/2001/XMLSchema-instance" xsi:noNamespaceSchemaLocation="https://maven.apache.org/surefire/maven-surefire-plugin/xsd/surefire-test-report.xsd" version="3.0.2" name="com.example.it_tools.ItToolsApplicationTests" time="3.737" tests="1" errors="0" skipped="0" failures="0">
  <properties>
[...]
</properties>
  <testcase name="contextLoads" classname="com.example.it_tools.ItToolsApplicationTests" time="0.79">
    <system-out><![CDATA[14:56:59.675 [main] INFO org.springframework.test.context.support.AnnotationConfigContextLoaderUtils -- Could not detect default configuration classes for test class [com.example.it_tools.ItToolsApplicationTests]: ItToolsApplicationTests does not declare any static, non-private, non-final, nested classes annotated with @Configuration.
14:56:59.791 [main] INFO org.springframework.boot.test.context.SpringBootTestContextBootstrapper -- Found @SpringBootConfiguration com.example.it_tools.ItToolsApplication for test class com.example.it_tools.ItToolsApplicationTests
14:56:59.957 [main] INFO org.springframework.boot.devtools.restart.RestartApplicationListener -- Restart disabled due to context in which it is running

  .   ____          _            __ _ _
 /\\ / ___'_ __ _ _(_)_ __  __ _ \ \ \ \
( ( )\___ | '_ | '_| | '_ \/ _` | \ \ \ \
 \\/  ___)| |_)| | | | | || (_| |  ) ) ) )
  '  |____| .__|_| |_|_| |_\__, | / / / /
 =========|_|==============|___/=/_/_/_/

 :: Spring Boot ::                (v3.4.3)

2025-03-25T14:57:00.244+07:00  INFO 20608 --- [IT_tools] [           main] c.e.it_tools.ItToolsApplicationTests     : Starting ItToolsApplicationTests using Java 23.0.1 with PID 20608 (started by ADMIN in D:\3-HK2\TKPM\Project\IT_tools)
2025-03-25T14:57:00.246+07:00  INFO 20608 --- [IT_tools] [           main] c.e.it_tools.ItToolsApplicationTests     : No active profile set, falling back to 1 default profile: "default"
2025-03-25T14:57:00.884+07:00  INFO 20608 --- [IT_tools] [           main] .s.d.r.c.RepositoryConfigurationDelegate : Bootstrapping Spring Data MongoDB repositories in DEFAULT mode.
2025-03-25T14:57:00.942+07:00  INFO 20608 --- [IT_tools] [           main] .s.d.r.c.RepositoryConfigurationDelegate : Finished Spring Data repository scanning in 52 ms. Found 1 MongoDB repository interface.
2025-03-25T14:57:01.394+07:00  INFO 20608 --- [IT_tools] [pyf.mongodb.net] org.mongodb.driver.cluster               : Adding discovered server cluster0-shard-00-02.pupyf.mongodb.net:27017 to client view of cluster
2025-03-25T14:57:01.407+07:00  INFO 20608 --- [IT_tools] [           main] org.mongodb.driver.client                : MongoClient with metadata {"driver": {"name": "mongo-java-driver|sync|spring-boot", "version": "5.2.1"}, "os": {"type": "Windows", "name": "Windows 11", "architecture": "amd64", "version": "10.0"}, "platform": "Java/Oracle Corporation/23.0.1+11-39"} created with settings MongoClientSettings{readPreference=primary, writeConcern=WriteConcern{w=null, wTimeout=null ms, journal=null}, retryWrites=true, retryReads=true, readConcern=ReadConcern{level=null}, credential=MongoCredential{mechanism=null, userName='pdkhoi22', source='admin', password=<hidden>, mechanismProperties=<hidden>}, transportSettings=null, commandListeners=[], codecRegistry=ProvidersCodecRegistry{codecProviders=[ValueCodecProvider{}, BsonValueCodecProvider{}, DBRefCodecProvider{}, DBObjectCodecProvider{}, DocumentCodecProvider{}, CollectionCodecProvider{}, IterableCodecProvider{}, MapCodecProvider{}, GeoJsonCodecProvider{}, GridFSFileCodecProvider{}, Jsr310CodecProvider{}, JsonObjectCodecProvider{}, BsonCodecProvider{}, EnumCodecProvider{}, com.mongodb.client.model.mql.ExpressionCodecProvider@38f981b6, com.mongodb.Jep395RecordCodecProvider@3a4aadf8, com.mongodb.KotlinCodecProvider@7bbfc5ff]}, loggerSettings=LoggerSettings{maxDocumentLength=1000}, clusterSettings={hosts=[127.0.0.1:27017], srvHost=cluster0.pupyf.mongodb.net, srvServiceName=mongodb, mode=MULTIPLE, requiredClusterType=REPLICA_SET, requiredReplicaSetName='atlas-71v9fj-shard-0', serverSelector='null', clusterListeners='[]', serverSelectionTimeout='30000 ms', localThreshold='15 ms'}, socketSettings=SocketSettings{connectTimeoutMS=10000, readTimeoutMS=0, receiveBufferSize=0, proxySettings=ProxySettings{host=null, port=null, username=null, password=null}}, heartbeatSocketSettings=SocketSettings{connectTimeoutMS=10000, readTimeoutMS=10000, receiveBufferSize=0, proxySettings=ProxySettings{host=null, port=null, username=null, password=null}}, connectionPoolSettings=ConnectionPoolSettings{maxSize=100, minSize=0, maxWaitTimeMS=120000, maxConnectionLifeTimeMS=0, maxConnectionIdleTimeMS=0, maintenanceInitialDelayMS=0, maintenanceFrequencyMS=60000, connectionPoolListeners=[], maxConnecting=2}, serverSettings=ServerSettings{heartbeatFrequencyMS=10000, minHeartbeatFrequencyMS=500, serverMonitoringMode=AUTO, serverListeners='[]', serverMonitorListeners='[]'}, sslSettings=SslSettings{enabled=true, invalidHostNameAllowed=false, context=null}, applicationName='null', compressorList=[], uuidRepresentation=JAVA_LEGACY, serverApi=null, autoEncryptionSettings=null, dnsClient=null, inetAddressResolver=null, contextProvider=null, timeoutMS=null}
2025-03-25T14:57:01.428+07:00  INFO 20608 --- [IT_tools] [pyf.mongodb.net] org.mongodb.driver.cluster               : Adding discovered server cluster0-shard-00-00.pupyf.mongodb.net:27017 to client view of cluster
2025-03-25T14:57:01.431+07:00  INFO 20608 --- [IT_tools] [pyf.mongodb.net] org.mongodb.driver.cluster               : Adding discovered server cluster0-shard-00-01.pupyf.mongodb.net:27017 to client view of cluster
2025-03-25T14:57:01.892+07:00  INFO 20608 --- [IT_tools] [           main] r$InitializeUserDetailsManagerConfigurer : Global AuthenticationManager configured with UserDetailsService bean with name customUserDetailsService
2025-03-25T14:57:02.072+07:00  INFO 20608 --- [IT_tools] [ngodb.net:27017] org.mongodb.driver.cluster               : Monitor thread successfully connected to server with description ServerDescription{address=cluster0-shard-00-01.pupyf.mongodb.net:27017, type=REPLICA_SET_PRIMARY, cryptd=false, state=CONNECTED, ok=true, minWireVersion=0, maxWireVersion=25, maxDocumentSize=16777216, logicalSessionTimeoutMinutes=30, roundTripTimeNanos=356323000, minRoundTripTimeNanos=0, setName='atlas-71v9fj-shard-0', canonicalAddress=cluster0-shard-00-01.pupyf.mongodb.net:27017, hosts=[cluster0-shard-00-00.pupyf.mongodb.net:27017, cluster0-shard-00-02.pupyf.mongodb.net:27017, cluster0-shard-00-01.pupyf.mongodb.net:27017], passives=[], arbiters=[], primary='cluster0-shard-00-01.pupyf.mongodb.net:27017', tagSet=TagSet{[Tag{name='availabilityZone', value='ape1-az2'}, Tag{name='diskState', value='READY'}, Tag{name='nodeType', value='ELECTABLE'}, Tag{name='provider', value='AWS'}, Tag{name='region', value='AP_EAST_1'}, Tag{name='workloadType', value='OPERATIONAL'}]}, electionId=7fffffff0000000000000127, setVersion=177, topologyVersion=TopologyVersion{processId=67d4383fa5a6b23cb280542c, counter=6}, lastWriteDate=Tue Mar 25 14:57:01 GMT+07:00 2025, lastUpdateTimeNanos=44052124687300}
2025-03-25T14:57:02.072+07:00  INFO 20608 --- [IT_tools] [ngodb.net:27017] org.mongodb.driver.cluster               : Monitor thread successfully connected to server with description ServerDescription{address=cluster0-shard-00-02.pupyf.mongodb.net:27017, type=REPLICA_SET_SECONDARY, cryptd=false, state=CONNECTED, ok=true, minWireVersion=0, maxWireVersion=25, maxDocumentSize=16777216, logicalSessionTimeoutMinutes=30, roundTripTimeNanos=356488000, minRoundTripTimeNanos=0, setName='atlas-71v9fj-shard-0', canonicalAddress=cluster0-shard-00-02.pupyf.mongodb.net:27017, hosts=[cluster0-shard-00-00.pupyf.mongodb.net:27017, cluster0-shard-00-02.pupyf.mongodb.net:27017, cluster0-shard-00-01.pupyf.mongodb.net:27017], passives=[], arbiters=[], primary='cluster0-shard-00-01.pupyf.mongodb.net:27017', tagSet=TagSet{[Tag{name='availabilityZone', value='ape1-az3'}, Tag{name='diskState', value='READY'}, Tag{name='nodeType', value='ELECTABLE'}, Tag{name='provider', value='AWS'}, Tag{name='region', value='AP_EAST_1'}, Tag{name='workloadType', value='OPERATIONAL'}]}, electionId=null, setVersion=177, topologyVersion=TopologyVersion{processId=67dc19a8c164a6c3136d6698, counter=3}, lastWriteDate=Tue Mar 25 14:57:01 GMT+07:00 2025, lastUpdateTimeNanos=44052124687400}
2025-03-25T14:57:02.075+07:00  INFO 20608 --- [IT_tools] [ngodb.net:27017] org.mongodb.driver.cluster               : Discovered replica set primary cluster0-shard-00-01.pupyf.mongodb.net:27017 with max election id 7fffffff0000000000000127 and max set version 177
2025-03-25T14:57:02.101+07:00  INFO 20608 --- [IT_tools] [ngodb.net:27017] org.mongodb.driver.cluster               : Monitor thread successfully connected to server with description ServerDescription{address=cluster0-shard-00-00.pupyf.mongodb.net:27017, type=REPLICA_SET_SECONDARY, cryptd=false, state=CONNECTED, ok=true, minWireVersion=0, maxWireVersion=25, maxDocumentSize=16777216, logicalSessionTimeoutMinutes=30, roundTripTimeNanos=392097100, minRoundTripTimeNanos=0, setName='atlas-71v9fj-shard-0', canonicalAddress=cluster0-shard-00-00.pupyf.mongodb.net:27017, hosts=[cluster0-shard-00-00.pupyf.mongodb.net:27017, cluster0-shard-00-02.pupyf.mongodb.net:27017, cluster0-shard-00-01.pupyf.mongodb.net:27017], passives=[], arbiters=[], primary='cluster0-shard-00-01.pupyf.mongodb.net:27017', tagSet=TagSet{[Tag{name='availabilityZone', value='ape1-az1'}, Tag{name='diskState', value='READY'}, Tag{name='nodeType', value='ELECTABLE'}, Tag{name='provider', value='AWS'}, Tag{name='region', value='AP_EAST_1'}, Tag{name='workloadType', value='OPERATIONAL'}]}, electionId=null, setVersion=177, topologyVersion=TopologyVersion{processId=67d82b1d22f780d9af689586, counter=4}, lastWriteDate=Tue Mar 25 14:57:01 GMT+07:00 2025, lastUpdateTimeNanos=44052160457100}
2025-03-25T14:57:02.456+07:00  INFO 20608 --- [IT_tools] [           main] c.e.it_tools.ItToolsApplicationTests     : Started ItToolsApplicationTests in 2.513 seconds (process running for 3.459)
]]></system-out>
    <system-err><![CDATA[Mockito is currently self-attaching to enable the inline-mock-maker. This will no longer work in future releases of the JDK. Please add Mockito as an agent to your build what is described in Mockito's documentation: https://javadoc.io/doc/org.mockito/mockito-core/latest/org/mockito/Mockito.html#0.3
WARNING: A Java agent has been loaded dynamically (C:\Users\ADMIN\.m2\repository\net\bytebuddy\byte-buddy-agent\1.15.11\byte-buddy-agent-1.15.11.jar)
WARNING: If a serviceability tool is in use, please run with -XX:+EnableDynamicAgentLoading to hide this warning
WARNING: If a serviceability tool is not in use, please run with -Djdk.instrument.traceUsage for more information
WARNING: Dynamic loading of agents will be disallowed by default in a future release
]]></system-err>
  </testcase>
</testsuite>